2020-05-03 11:59:05,748 [Worker-7: Loading available Gradle versions] INFO  o.e.b.c.i.u.g.PublishedGradleVersions - Gradle version information cache is up-to-date. Trying to read.
2020-05-03 11:59:55,540 [Worker-14: Building] INFO  o.e.m.c.i.l.LifecycleMappingFactory - Using org.eclipse.m2e.jdt.JarLifecycleMapping lifecycle mapping for MavenProject: prueba:SparkStreaming:0.0.1-SNAPSHOT @ /Users/santi/Desktop/WORKSHOP TFG/SparkStreaming/pom.xml.
2020-05-03 11:59:58,015 [Worker-14: Building] INFO  o.e.m.c.i.embedder.EclipseLogger - Using 'UTF-8' encoding to copy filtered resources.
2020-05-03 11:59:58,015 [Worker-14: Building] INFO  o.e.m.c.i.embedder.EclipseLogger - skip non existing resourceDirectory /Users/santi/Desktop/WORKSHOP TFG/SparkStreaming/src/main/resources
2020-05-03 11:59:58,018 [Worker-14: Building] INFO  o.e.m.c.i.embedder.EclipseLogger - Using 'UTF-8' encoding to copy filtered resources.
2020-05-03 11:59:58,019 [Worker-14: Building] INFO  o.e.m.c.i.embedder.EclipseLogger - skip non existing resourceDirectory /Users/santi/Desktop/WORKSHOP TFG/SparkStreaming/src/test/resources
2020-05-03 11:59:58,564 [Worker-14: Building] INFO  o.e.m.c.i.l.LifecycleMappingFactory - Using org.eclipse.m2e.jdt.JarLifecycleMapping lifecycle mapping for MavenProject: prueba:SparkStreaming:0.0.1-SNAPSHOT @ /Users/santi/Desktop/WORKSHOP TFG/SparkStreamingProductores/pom.xml.
2020-05-03 12:00:00,377 [Worker-14: Building] INFO  o.e.m.c.i.embedder.EclipseLogger - Using 'UTF-8' encoding to copy filtered resources.
2020-05-03 12:00:00,378 [Worker-14: Building] INFO  o.e.m.c.i.embedder.EclipseLogger - skip non existing resourceDirectory /Users/santi/Desktop/WORKSHOP TFG/SparkStreamingProductores/src/main/resources
2020-05-03 12:00:00,386 [Worker-14: Building] INFO  o.e.m.c.i.embedder.EclipseLogger - Using 'UTF-8' encoding to copy filtered resources.
2020-05-03 12:00:00,386 [Worker-14: Building] INFO  o.e.m.c.i.embedder.EclipseLogger - skip non existing resourceDirectory /Users/santi/Desktop/WORKSHOP TFG/SparkStreamingProductores/src/test/resources
2020-05-03 12:00:01,995 [Worker-5: Updating Maven Dependencies] INFO  o.e.m.c.i.l.LifecycleMappingFactory - Using org.eclipse.m2e.jdt.JarLifecycleMapping lifecycle mapping for MavenProject: com.example:consuming-rest:0.0.1-SNAPSHOT @ /Users/santi/Desktop/WORKSHOP TFG/ServicioWebTFG/pom.xml.
2020-05-03 12:00:04,482 [Worker-4: Building] INFO  o.e.m.c.i.embedder.EclipseLogger - Using 'UTF-8' encoding to copy filtered resources.
2020-05-03 12:00:04,483 [Worker-4: Building] INFO  o.e.m.c.i.embedder.EclipseLogger - skip non existing resourceDirectory /Users/santi/Desktop/WORKSHOP TFG/ServicioWebTFG/src/main/resources
2020-05-03 12:00:04,483 [Worker-4: Building] INFO  o.e.m.c.i.embedder.EclipseLogger - skip non existing resourceDirectory /Users/santi/Desktop/WORKSHOP TFG/ServicioWebTFG/src/main/resources
2020-05-03 12:00:04,487 [Worker-4: Building] INFO  o.e.m.c.i.embedder.EclipseLogger - Using 'UTF-8' encoding to copy filtered resources.
2020-05-03 12:00:04,488 [Worker-4: Building] INFO  o.e.m.c.i.embedder.EclipseLogger - skip non existing resourceDirectory /Users/santi/Desktop/WORKSHOP TFG/ServicioWebTFG/src/test/resources
2020-05-03 12:00:07,314 [Worker-17: Building] INFO  o.e.m.c.i.embedder.EclipseLogger - Using 'UTF-8' encoding to copy filtered resources.
2020-05-03 12:00:07,314 [Worker-17: Building] INFO  o.e.m.c.i.embedder.EclipseLogger - skip non existing resourceDirectory /Users/santi/Desktop/WORKSHOP TFG/ServicioWebTFG/src/main/resources
2020-05-03 12:00:07,314 [Worker-17: Building] INFO  o.e.m.c.i.embedder.EclipseLogger - skip non existing resourceDirectory /Users/santi/Desktop/WORKSHOP TFG/ServicioWebTFG/src/main/resources
2020-05-03 12:00:07,317 [Worker-17: Building] INFO  o.e.m.c.i.embedder.EclipseLogger - Using 'UTF-8' encoding to copy filtered resources.
2020-05-03 12:00:07,317 [Worker-17: Building] INFO  o.e.m.c.i.embedder.EclipseLogger - skip non existing resourceDirectory /Users/santi/Desktop/WORKSHOP TFG/ServicioWebTFG/src/test/resources
2020-05-03 12:00:09,201 [Worker-17: Building] INFO  o.e.m.c.i.embedder.EclipseLogger - Using 'UTF-8' encoding to copy filtered resources.
2020-05-03 12:00:09,201 [Worker-17: Building] INFO  o.e.m.c.i.embedder.EclipseLogger - skip non existing resourceDirectory /Users/santi/Desktop/WORKSHOP TFG/SparkStreaming/src/main/resources
2020-05-03 12:00:09,204 [Worker-17: Building] INFO  o.e.m.c.i.embedder.EclipseLogger - Using 'UTF-8' encoding to copy filtered resources.
2020-05-03 12:00:09,204 [Worker-17: Building] INFO  o.e.m.c.i.embedder.EclipseLogger - skip non existing resourceDirectory /Users/santi/Desktop/WORKSHOP TFG/SparkStreaming/src/test/resources
2020-05-03 12:00:10,834 [Worker-17: Building] INFO  o.e.m.c.i.embedder.EclipseLogger - Using 'UTF-8' encoding to copy filtered resources.
2020-05-03 12:00:10,836 [Worker-17: Building] INFO  o.e.m.c.i.embedder.EclipseLogger - skip non existing resourceDirectory /Users/santi/Desktop/WORKSHOP TFG/SparkStreamingProductores/src/main/resources
2020-05-03 12:00:10,838 [Worker-17: Building] INFO  o.e.m.c.i.embedder.EclipseLogger - Using 'UTF-8' encoding to copy filtered resources.
2020-05-03 12:00:10,839 [Worker-17: Building] INFO  o.e.m.c.i.embedder.EclipseLogger - skip non existing resourceDirectory /Users/santi/Desktop/WORKSHOP TFG/SparkStreamingProductores/src/test/resources
2020-05-03 12:00:42,419 [Worker-14: Building] INFO  o.e.m.c.i.l.LifecycleMappingFactory - Using org.eclipse.m2e.jdt.JarLifecycleMapping lifecycle mapping for MavenProject: prueba:SparkStreaming:0.0.1-SNAPSHOT @ /Users/santi/Desktop/WORKSHOP TFG/SparkStreaming/pom.xml.
2020-05-03 12:00:43,462 [Worker-14: Building] INFO  o.e.m.c.i.embedder.EclipseLogger - Using 'UTF-8' encoding to copy filtered resources.
2020-05-03 12:00:43,462 [Worker-14: Building] INFO  o.e.m.c.i.embedder.EclipseLogger - skip non existing resourceDirectory /Users/santi/Desktop/WORKSHOP TFG/SparkStreaming/src/main/resources
2020-05-03 12:00:43,464 [Worker-14: Building] INFO  o.e.m.c.i.embedder.EclipseLogger - Using 'UTF-8' encoding to copy filtered resources.
2020-05-03 12:00:43,464 [Worker-14: Building] INFO  o.e.m.c.i.embedder.EclipseLogger - skip non existing resourceDirectory /Users/santi/Desktop/WORKSHOP TFG/SparkStreaming/src/test/resources
2020-05-03 12:00:45,756 [Worker-16: Building] INFO  o.e.m.c.i.embedder.EclipseLogger - Using 'UTF-8' encoding to copy filtered resources.
2020-05-03 12:00:45,756 [Worker-16: Building] INFO  o.e.m.c.i.embedder.EclipseLogger - skip non existing resourceDirectory /Users/santi/Desktop/WORKSHOP TFG/SparkStreaming/src/main/resources
2020-05-03 12:00:45,758 [Worker-16: Building] INFO  o.e.m.c.i.embedder.EclipseLogger - Using 'UTF-8' encoding to copy filtered resources.
2020-05-03 12:00:45,758 [Worker-16: Building] INFO  o.e.m.c.i.embedder.EclipseLogger - skip non existing resourceDirectory /Users/santi/Desktop/WORKSHOP TFG/SparkStreaming/src/test/resources
2020-05-03 12:03:55,411 [Worker-19: Building] INFO  o.e.m.c.i.l.LifecycleMappingFactory - Using org.eclipse.m2e.jdt.JarLifecycleMapping lifecycle mapping for MavenProject: prueba:SparkStreaming:0.0.1-SNAPSHOT @ /Users/santi/Desktop/WORKSHOP TFG/SparkStreamingProductores/pom.xml.
2020-05-03 12:03:56,261 [Worker-19: Building] INFO  o.e.m.c.i.embedder.EclipseLogger - Using 'UTF-8' encoding to copy filtered resources.
2020-05-03 12:03:56,262 [Worker-19: Building] INFO  o.e.m.c.i.embedder.EclipseLogger - skip non existing resourceDirectory /Users/santi/Desktop/WORKSHOP TFG/SparkStreamingProductores/src/main/resources
2020-05-03 12:03:56,263 [Worker-19: Building] INFO  o.e.m.c.i.embedder.EclipseLogger - Using 'UTF-8' encoding to copy filtered resources.
2020-05-03 12:03:56,263 [Worker-19: Building] INFO  o.e.m.c.i.embedder.EclipseLogger - skip non existing resourceDirectory /Users/santi/Desktop/WORKSHOP TFG/SparkStreamingProductores/src/test/resources
2020-05-03 12:07:04,338 [Worker-22: Building] INFO  o.e.m.c.i.l.LifecycleMappingFactory - Using org.eclipse.m2e.jdt.JarLifecycleMapping lifecycle mapping for MavenProject: prueba:SparkStreaming:0.0.1-SNAPSHOT @ /Users/santi/Desktop/WORKSHOP TFG/SparkStreamingProductores/pom.xml.
2020-05-03 12:07:05,209 [Worker-22: Building] INFO  o.e.m.c.i.embedder.EclipseLogger - Using 'UTF-8' encoding to copy filtered resources.
2020-05-03 12:07:05,209 [Worker-22: Building] INFO  o.e.m.c.i.embedder.EclipseLogger - skip non existing resourceDirectory /Users/santi/Desktop/WORKSHOP TFG/SparkStreamingProductores/src/main/resources
2020-05-03 12:07:05,214 [Worker-22: Building] INFO  o.e.m.c.i.embedder.EclipseLogger - Using 'UTF-8' encoding to copy filtered resources.
2020-05-03 12:07:05,214 [Worker-22: Building] INFO  o.e.m.c.i.embedder.EclipseLogger - skip non existing resourceDirectory /Users/santi/Desktop/WORKSHOP TFG/SparkStreamingProductores/src/test/resources
2020-05-03 12:07:21,813 [Worker-20: Building] INFO  o.e.m.c.i.l.LifecycleMappingFactory - Using org.eclipse.m2e.jdt.JarLifecycleMapping lifecycle mapping for MavenProject: prueba:SparkStreaming:0.0.1-SNAPSHOT @ /Users/santi/Desktop/WORKSHOP TFG/SparkStreamingProductores/pom.xml.
2020-05-03 12:07:22,745 [Worker-20: Building] INFO  o.e.m.c.i.embedder.EclipseLogger - Using 'UTF-8' encoding to copy filtered resources.
2020-05-03 12:07:22,745 [Worker-20: Building] INFO  o.e.m.c.i.embedder.EclipseLogger - skip non existing resourceDirectory /Users/santi/Desktop/WORKSHOP TFG/SparkStreamingProductores/src/main/resources
2020-05-03 12:07:22,746 [Worker-20: Building] INFO  o.e.m.c.i.embedder.EclipseLogger - Using 'UTF-8' encoding to copy filtered resources.
2020-05-03 12:07:22,747 [Worker-20: Building] INFO  o.e.m.c.i.embedder.EclipseLogger - skip non existing resourceDirectory /Users/santi/Desktop/WORKSHOP TFG/SparkStreamingProductores/src/test/resources
2020-05-03 12:08:40,975 [Worker-14: Building] INFO  o.e.m.c.i.e.AbstractTransferListenerAdapter - Downloading https://repo.maven.apache.org/maven2/org/springframework/boot/spring-boot-maven-plugin/maven-metadata.xml
2020-05-03 12:08:41,071 [Worker-14: Building] INFO  o.e.m.c.i.e.AbstractTransferListenerAdapter - Downloaded https://repo.maven.apache.org/maven2/org/springframework/boot/spring-boot-maven-plugin/maven-metadata.xml
2020-05-03 12:08:41,462 [Worker-14: Building] INFO  o.e.m.c.i.l.LifecycleMappingFactory - Using org.eclipse.m2e.jdt.JarLifecycleMapping lifecycle mapping for MavenProject: prueba:SparkStreaming:0.0.1-SNAPSHOT @ /Users/santi/Desktop/WORKSHOP TFG/SparkStreamingProductores/pom.xml.
2020-05-03 12:08:42,240 [Worker-14: Building] INFO  o.e.m.c.i.embedder.EclipseLogger - Using 'UTF-8' encoding to copy filtered resources.
2020-05-03 12:08:42,240 [Worker-14: Building] INFO  o.e.m.c.i.embedder.EclipseLogger - skip non existing resourceDirectory /Users/santi/Desktop/WORKSHOP TFG/SparkStreamingProductores/src/main/resources
2020-05-03 12:08:42,242 [Worker-14: Building] INFO  o.e.m.c.i.embedder.EclipseLogger - Using 'UTF-8' encoding to copy filtered resources.
2020-05-03 12:08:42,242 [Worker-14: Building] INFO  o.e.m.c.i.embedder.EclipseLogger - skip non existing resourceDirectory /Users/santi/Desktop/WORKSHOP TFG/SparkStreamingProductores/src/test/resources
2020-05-03 12:29:37,306 [Worker-27: Building] INFO  o.e.m.c.i.l.LifecycleMappingFactory - Using org.eclipse.m2e.jdt.JarLifecycleMapping lifecycle mapping for MavenProject: com.example:consuming-rest:0.0.1-SNAPSHOT @ /Users/santi/Desktop/WORKSHOP TFG/ServicioWebTFG/pom.xml.
2020-05-03 12:29:38,238 [Worker-27: Building] INFO  o.e.m.c.i.embedder.EclipseLogger - Using 'UTF-8' encoding to copy filtered resources.
2020-05-03 12:29:38,238 [Worker-27: Building] INFO  o.e.m.c.i.embedder.EclipseLogger - skip non existing resourceDirectory /Users/santi/Desktop/WORKSHOP TFG/ServicioWebTFG/src/main/resources
2020-05-03 12:29:38,238 [Worker-27: Building] INFO  o.e.m.c.i.embedder.EclipseLogger - skip non existing resourceDirectory /Users/santi/Desktop/WORKSHOP TFG/ServicioWebTFG/src/main/resources
2020-05-03 12:29:38,243 [Worker-27: Building] INFO  o.e.m.c.i.embedder.EclipseLogger - Using 'UTF-8' encoding to copy filtered resources.
2020-05-03 12:29:38,243 [Worker-27: Building] INFO  o.e.m.c.i.embedder.EclipseLogger - skip non existing resourceDirectory /Users/santi/Desktop/WORKSHOP TFG/ServicioWebTFG/src/test/resources
2020-05-03 12:29:48,383 [Worker-20: Building] INFO  o.e.m.c.i.embedder.EclipseLogger - Using 'UTF-8' encoding to copy filtered resources.
2020-05-03 12:29:48,383 [Worker-20: Building] INFO  o.e.m.c.i.embedder.EclipseLogger - skip non existing resourceDirectory /Users/santi/Desktop/WORKSHOP TFG/SparkStreaming/src/main/resources
2020-05-03 12:29:48,385 [Worker-20: Building] INFO  o.e.m.c.i.embedder.EclipseLogger - Using 'UTF-8' encoding to copy filtered resources.
2020-05-03 12:29:48,385 [Worker-20: Building] INFO  o.e.m.c.i.embedder.EclipseLogger - skip non existing resourceDirectory /Users/santi/Desktop/WORKSHOP TFG/SparkStreaming/src/test/resources
2020-05-03 12:30:09,989 [Worker-25: Building] INFO  o.e.m.c.i.embedder.EclipseLogger - Using 'UTF-8' encoding to copy filtered resources.
2020-05-03 12:30:09,989 [Worker-25: Building] INFO  o.e.m.c.i.embedder.EclipseLogger - skip non existing resourceDirectory /Users/santi/Desktop/WORKSHOP TFG/ServicioWebTFG/src/main/resources
2020-05-03 12:30:09,989 [Worker-25: Building] INFO  o.e.m.c.i.embedder.EclipseLogger - skip non existing resourceDirectory /Users/santi/Desktop/WORKSHOP TFG/ServicioWebTFG/src/main/resources
2020-05-03 12:30:09,992 [Worker-25: Building] INFO  o.e.m.c.i.embedder.EclipseLogger - Using 'UTF-8' encoding to copy filtered resources.
2020-05-03 12:30:09,993 [Worker-25: Building] INFO  o.e.m.c.i.embedder.EclipseLogger - skip non existing resourceDirectory /Users/santi/Desktop/WORKSHOP TFG/ServicioWebTFG/src/test/resources
2020-05-03 12:34:35,212 [Worker-25: Building] INFO  o.e.m.c.i.embedder.EclipseLogger - Using 'UTF-8' encoding to copy filtered resources.
2020-05-03 12:34:35,213 [Worker-25: Building] INFO  o.e.m.c.i.embedder.EclipseLogger - skip non existing resourceDirectory /Users/santi/Desktop/WORKSHOP TFG/ServicioWebTFG/src/main/resources
2020-05-03 12:34:35,213 [Worker-25: Building] INFO  o.e.m.c.i.embedder.EclipseLogger - skip non existing resourceDirectory /Users/santi/Desktop/WORKSHOP TFG/ServicioWebTFG/src/main/resources
2020-05-03 12:34:35,216 [Worker-25: Building] INFO  o.e.m.c.i.embedder.EclipseLogger - Using 'UTF-8' encoding to copy filtered resources.
2020-05-03 12:34:35,216 [Worker-25: Building] INFO  o.e.m.c.i.embedder.EclipseLogger - skip non existing resourceDirectory /Users/santi/Desktop/WORKSHOP TFG/ServicioWebTFG/src/test/resources
2020-05-03 12:34:36,257 [Worker-28: Building] INFO  o.e.m.c.i.embedder.EclipseLogger - Using 'UTF-8' encoding to copy filtered resources.
2020-05-03 12:34:36,258 [Worker-28: Building] INFO  o.e.m.c.i.embedder.EclipseLogger - skip non existing resourceDirectory /Users/santi/Desktop/WORKSHOP TFG/ServicioWebTFG/src/main/resources
2020-05-03 12:34:36,258 [Worker-28: Building] INFO  o.e.m.c.i.embedder.EclipseLogger - skip non existing resourceDirectory /Users/santi/Desktop/WORKSHOP TFG/ServicioWebTFG/src/main/resources
2020-05-03 12:34:36,260 [Worker-28: Building] INFO  o.e.m.c.i.embedder.EclipseLogger - Using 'UTF-8' encoding to copy filtered resources.
2020-05-03 12:34:36,261 [Worker-28: Building] INFO  o.e.m.c.i.embedder.EclipseLogger - skip non existing resourceDirectory /Users/santi/Desktop/WORKSHOP TFG/ServicioWebTFG/src/test/resources
2020-05-03 12:57:55,927 [Worker-6: Loading available Gradle versions] INFO  o.e.b.c.i.u.g.PublishedGradleVersions - Gradle version information cache is up-to-date. Trying to read.
2020-05-03 12:58:01,993 [Worker-8: Building] INFO  o.e.m.c.i.embedder.EclipseLogger - Using 'UTF-8' encoding to copy filtered resources.
2020-05-03 12:58:02,024 [Worker-8: Building] INFO  o.e.m.c.i.embedder.EclipseLogger - skip non existing resourceDirectory /Users/santi/Desktop/WORKSHOP TFG/ServicioWebTFG/src/main/resources
2020-05-03 12:58:02,024 [Worker-8: Building] INFO  o.e.m.c.i.embedder.EclipseLogger - skip non existing resourceDirectory /Users/santi/Desktop/WORKSHOP TFG/ServicioWebTFG/src/main/resources
2020-05-03 12:58:02,031 [Worker-8: Building] INFO  o.e.m.c.i.embedder.EclipseLogger - Using 'UTF-8' encoding to copy filtered resources.
2020-05-03 12:58:02,031 [Worker-8: Building] INFO  o.e.m.c.i.embedder.EclipseLogger - skip non existing resourceDirectory /Users/santi/Desktop/WORKSHOP TFG/ServicioWebTFG/src/test/resources
2020-05-03 12:58:05,443 [Worker-15: Building] INFO  o.e.m.c.i.l.LifecycleMappingFactory - Using org.eclipse.m2e.jdt.JarLifecycleMapping lifecycle mapping for MavenProject: com.example:consuming-rest:0.0.1-SNAPSHOT @ /Users/santi/Desktop/WORKSHOP TFG/ServicioWebTFG/pom.xml.
2020-05-03 12:58:06,890 [Worker-15: Building] INFO  o.e.m.c.i.embedder.EclipseLogger - Using 'UTF-8' encoding to copy filtered resources.
2020-05-03 12:58:06,891 [Worker-15: Building] INFO  o.e.m.c.i.embedder.EclipseLogger - skip non existing resourceDirectory /Users/santi/Desktop/WORKSHOP TFG/ServicioWebTFG/src/main/resources
2020-05-03 12:58:06,891 [Worker-15: Building] INFO  o.e.m.c.i.embedder.EclipseLogger - skip non existing resourceDirectory /Users/santi/Desktop/WORKSHOP TFG/ServicioWebTFG/src/main/resources
2020-05-03 12:58:06,901 [Worker-15: Building] INFO  o.e.m.c.i.embedder.EclipseLogger - Using 'UTF-8' encoding to copy filtered resources.
2020-05-03 12:58:06,901 [Worker-15: Building] INFO  o.e.m.c.i.embedder.EclipseLogger - skip non existing resourceDirectory /Users/santi/Desktop/WORKSHOP TFG/ServicioWebTFG/src/test/resources
2020-05-03 13:06:14,171 [Worker-19: Building] INFO  o.e.m.c.i.embedder.EclipseLogger - Using 'UTF-8' encoding to copy filtered resources.
2020-05-03 13:06:14,171 [Worker-19: Building] INFO  o.e.m.c.i.embedder.EclipseLogger - skip non existing resourceDirectory /Users/santi/Desktop/WORKSHOP TFG/ServicioWebTFG/src/main/resources
2020-05-03 13:06:14,171 [Worker-19: Building] INFO  o.e.m.c.i.embedder.EclipseLogger - skip non existing resourceDirectory /Users/santi/Desktop/WORKSHOP TFG/ServicioWebTFG/src/main/resources
2020-05-03 13:06:14,176 [Worker-19: Building] INFO  o.e.m.c.i.embedder.EclipseLogger - Using 'UTF-8' encoding to copy filtered resources.
2020-05-03 13:06:14,176 [Worker-19: Building] INFO  o.e.m.c.i.embedder.EclipseLogger - skip non existing resourceDirectory /Users/santi/Desktop/WORKSHOP TFG/ServicioWebTFG/src/test/resources
2020-05-03 13:12:19,071 [Worker-24: Building] INFO  o.e.m.c.i.embedder.EclipseLogger - Using 'UTF-8' encoding to copy filtered resources.
2020-05-03 13:12:19,071 [Worker-24: Building] INFO  o.e.m.c.i.embedder.EclipseLogger - skip non existing resourceDirectory /Users/santi/Desktop/WORKSHOP TFG/ServicioWebTFG/src/main/resources
2020-05-03 13:12:19,071 [Worker-24: Building] INFO  o.e.m.c.i.embedder.EclipseLogger - skip non existing resourceDirectory /Users/santi/Desktop/WORKSHOP TFG/ServicioWebTFG/src/main/resources
2020-05-03 13:12:19,077 [Worker-24: Building] INFO  o.e.m.c.i.embedder.EclipseLogger - Using 'UTF-8' encoding to copy filtered resources.
2020-05-03 13:12:19,077 [Worker-24: Building] INFO  o.e.m.c.i.embedder.EclipseLogger - skip non existing resourceDirectory /Users/santi/Desktop/WORKSHOP TFG/ServicioWebTFG/src/test/resources
2020-05-03 13:16:29,892 [Worker-26: Building] INFO  o.e.m.c.i.embedder.EclipseLogger - Using 'UTF-8' encoding to copy filtered resources.
2020-05-03 13:16:29,893 [Worker-26: Building] INFO  o.e.m.c.i.embedder.EclipseLogger - skip non existing resourceDirectory /Users/santi/Desktop/WORKSHOP TFG/ServicioWebTFG/src/main/resources
2020-05-03 13:16:29,893 [Worker-26: Building] INFO  o.e.m.c.i.embedder.EclipseLogger - skip non existing resourceDirectory /Users/santi/Desktop/WORKSHOP TFG/ServicioWebTFG/src/main/resources
2020-05-03 13:16:29,897 [Worker-26: Building] INFO  o.e.m.c.i.embedder.EclipseLogger - Using 'UTF-8' encoding to copy filtered resources.
2020-05-03 13:16:29,897 [Worker-26: Building] INFO  o.e.m.c.i.embedder.EclipseLogger - skip non existing resourceDirectory /Users/santi/Desktop/WORKSHOP TFG/ServicioWebTFG/src/test/resources
2020-05-03 13:16:40,690 [Worker-19: Building] INFO  o.e.m.c.i.embedder.EclipseLogger - Using 'UTF-8' encoding to copy filtered resources.
2020-05-03 13:16:40,691 [Worker-19: Building] INFO  o.e.m.c.i.embedder.EclipseLogger - skip non existing resourceDirectory /Users/santi/Desktop/WORKSHOP TFG/ServicioWebTFG/src/main/resources
2020-05-03 13:16:40,698 [Worker-19: Building] INFO  o.e.m.c.i.embedder.EclipseLogger - skip non existing resourceDirectory /Users/santi/Desktop/WORKSHOP TFG/ServicioWebTFG/src/main/resources
2020-05-03 13:16:40,701 [Worker-19: Building] INFO  o.e.m.c.i.embedder.EclipseLogger - Using 'UTF-8' encoding to copy filtered resources.
2020-05-03 13:16:40,701 [Worker-19: Building] INFO  o.e.m.c.i.embedder.EclipseLogger - skip non existing resourceDirectory /Users/santi/Desktop/WORKSHOP TFG/ServicioWebTFG/src/test/resources
2020-05-03 13:18:50,615 [Worker-25: Building] INFO  o.e.m.c.i.embedder.EclipseLogger - Using 'UTF-8' encoding to copy filtered resources.
2020-05-03 13:18:50,615 [Worker-25: Building] INFO  o.e.m.c.i.embedder.EclipseLogger - skip non existing resourceDirectory /Users/santi/Desktop/WORKSHOP TFG/ServicioWebTFG/src/main/resources
2020-05-03 13:18:50,615 [Worker-25: Building] INFO  o.e.m.c.i.embedder.EclipseLogger - skip non existing resourceDirectory /Users/santi/Desktop/WORKSHOP TFG/ServicioWebTFG/src/main/resources
2020-05-03 13:18:50,618 [Worker-25: Building] INFO  o.e.m.c.i.embedder.EclipseLogger - Using 'UTF-8' encoding to copy filtered resources.
2020-05-03 13:18:50,618 [Worker-25: Building] INFO  o.e.m.c.i.embedder.EclipseLogger - skip non existing resourceDirectory /Users/santi/Desktop/WORKSHOP TFG/ServicioWebTFG/src/test/resources
2020-05-03 13:23:21,319 [Worker-27: Building] INFO  o.e.m.c.i.embedder.EclipseLogger - Using 'UTF-8' encoding to copy filtered resources.
2020-05-03 13:23:21,319 [Worker-27: Building] INFO  o.e.m.c.i.embedder.EclipseLogger - skip non existing resourceDirectory /Users/santi/Desktop/WORKSHOP TFG/ServicioWebTFG/src/main/resources
2020-05-03 13:23:21,320 [Worker-27: Building] INFO  o.e.m.c.i.embedder.EclipseLogger - skip non existing resourceDirectory /Users/santi/Desktop/WORKSHOP TFG/ServicioWebTFG/src/main/resources
2020-05-03 13:23:21,323 [Worker-27: Building] INFO  o.e.m.c.i.embedder.EclipseLogger - Using 'UTF-8' encoding to copy filtered resources.
2020-05-03 13:23:21,324 [Worker-27: Building] INFO  o.e.m.c.i.embedder.EclipseLogger - skip non existing resourceDirectory /Users/santi/Desktop/WORKSHOP TFG/ServicioWebTFG/src/test/resources
2020-05-03 13:23:39,719 [Worker-31: Building] INFO  o.e.m.c.i.embedder.EclipseLogger - Using 'UTF-8' encoding to copy filtered resources.
2020-05-03 13:23:39,719 [Worker-31: Building] INFO  o.e.m.c.i.embedder.EclipseLogger - skip non existing resourceDirectory /Users/santi/Desktop/WORKSHOP TFG/ServicioWebTFG/src/main/resources
2020-05-03 13:23:39,719 [Worker-31: Building] INFO  o.e.m.c.i.embedder.EclipseLogger - skip non existing resourceDirectory /Users/santi/Desktop/WORKSHOP TFG/ServicioWebTFG/src/main/resources
2020-05-03 13:23:39,724 [Worker-31: Building] INFO  o.e.m.c.i.embedder.EclipseLogger - Using 'UTF-8' encoding to copy filtered resources.
2020-05-03 13:23:39,724 [Worker-31: Building] INFO  o.e.m.c.i.embedder.EclipseLogger - skip non existing resourceDirectory /Users/santi/Desktop/WORKSHOP TFG/ServicioWebTFG/src/test/resources
2020-05-03 13:32:16,877 [Worker-33: Building] INFO  o.e.m.c.i.embedder.EclipseLogger - Using 'UTF-8' encoding to copy filtered resources.
2020-05-03 13:32:16,877 [Worker-33: Building] INFO  o.e.m.c.i.embedder.EclipseLogger - skip non existing resourceDirectory /Users/santi/Desktop/WORKSHOP TFG/ServicioWebTFG/src/main/resources
2020-05-03 13:32:16,877 [Worker-33: Building] INFO  o.e.m.c.i.embedder.EclipseLogger - skip non existing resourceDirectory /Users/santi/Desktop/WORKSHOP TFG/ServicioWebTFG/src/main/resources
2020-05-03 13:32:16,882 [Worker-33: Building] INFO  o.e.m.c.i.embedder.EclipseLogger - Using 'UTF-8' encoding to copy filtered resources.
2020-05-03 13:32:16,883 [Worker-33: Building] INFO  o.e.m.c.i.embedder.EclipseLogger - skip non existing resourceDirectory /Users/santi/Desktop/WORKSHOP TFG/ServicioWebTFG/src/test/resources
2020-05-03 13:35:50,813 [Worker-32: Building] INFO  o.e.m.c.i.embedder.EclipseLogger - Using 'UTF-8' encoding to copy filtered resources.
2020-05-03 13:35:50,813 [Worker-32: Building] INFO  o.e.m.c.i.embedder.EclipseLogger - skip non existing resourceDirectory /Users/santi/Desktop/WORKSHOP TFG/ServicioWebTFG/src/main/resources
2020-05-03 13:35:50,813 [Worker-32: Building] INFO  o.e.m.c.i.embedder.EclipseLogger - skip non existing resourceDirectory /Users/santi/Desktop/WORKSHOP TFG/ServicioWebTFG/src/main/resources
2020-05-03 13:35:50,825 [Worker-32: Building] INFO  o.e.m.c.i.embedder.EclipseLogger - Using 'UTF-8' encoding to copy filtered resources.
2020-05-03 13:35:50,825 [Worker-32: Building] INFO  o.e.m.c.i.embedder.EclipseLogger - skip non existing resourceDirectory /Users/santi/Desktop/WORKSHOP TFG/ServicioWebTFG/src/test/resources
2020-05-03 13:37:37,369 [Worker-35: Building] INFO  o.e.m.c.i.embedder.EclipseLogger - Using 'UTF-8' encoding to copy filtered resources.
2020-05-03 13:37:37,369 [Worker-35: Building] INFO  o.e.m.c.i.embedder.EclipseLogger - skip non existing resourceDirectory /Users/santi/Desktop/WORKSHOP TFG/ServicioWebTFG/src/main/resources
2020-05-03 13:37:37,369 [Worker-35: Building] INFO  o.e.m.c.i.embedder.EclipseLogger - skip non existing resourceDirectory /Users/santi/Desktop/WORKSHOP TFG/ServicioWebTFG/src/main/resources
2020-05-03 13:37:37,372 [Worker-35: Building] INFO  o.e.m.c.i.embedder.EclipseLogger - Using 'UTF-8' encoding to copy filtered resources.
2020-05-03 13:37:37,372 [Worker-35: Building] INFO  o.e.m.c.i.embedder.EclipseLogger - skip non existing resourceDirectory /Users/santi/Desktop/WORKSHOP TFG/ServicioWebTFG/src/test/resources
2020-05-03 13:38:28,050 [Worker-19: Building] INFO  o.e.m.c.i.embedder.EclipseLogger - Using 'UTF-8' encoding to copy filtered resources.
2020-05-03 13:38:28,050 [Worker-19: Building] INFO  o.e.m.c.i.embedder.EclipseLogger - skip non existing resourceDirectory /Users/santi/Desktop/WORKSHOP TFG/ServicioWebTFG/src/main/resources
2020-05-03 13:38:28,050 [Worker-19: Building] INFO  o.e.m.c.i.embedder.EclipseLogger - skip non existing resourceDirectory /Users/santi/Desktop/WORKSHOP TFG/ServicioWebTFG/src/main/resources
2020-05-03 13:38:28,053 [Worker-19: Building] INFO  o.e.m.c.i.embedder.EclipseLogger - Using 'UTF-8' encoding to copy filtered resources.
2020-05-03 13:38:28,054 [Worker-19: Building] INFO  o.e.m.c.i.embedder.EclipseLogger - skip non existing resourceDirectory /Users/santi/Desktop/WORKSHOP TFG/ServicioWebTFG/src/test/resources
2020-05-03 13:45:40,515 [Worker-37: Building] INFO  o.e.m.c.i.embedder.EclipseLogger - Using 'UTF-8' encoding to copy filtered resources.
2020-05-03 13:45:40,516 [Worker-37: Building] INFO  o.e.m.c.i.embedder.EclipseLogger - skip non existing resourceDirectory /Users/santi/Desktop/WORKSHOP TFG/SparkStreamingProductores/src/main/resources
2020-05-03 13:45:40,519 [Worker-37: Building] INFO  o.e.m.c.i.embedder.EclipseLogger - Using 'UTF-8' encoding to copy filtered resources.
2020-05-03 13:45:40,519 [Worker-37: Building] INFO  o.e.m.c.i.embedder.EclipseLogger - skip non existing resourceDirectory /Users/santi/Desktop/WORKSHOP TFG/SparkStreamingProductores/src/test/resources
2020-05-07 10:53:18,017 [Worker-7: Loading available Gradle versions] INFO  o.e.b.c.i.u.g.PublishedGradleVersions - Gradle version information cache is out-of-date. Trying to update.
2020-05-10 11:06:30,282 [Worker-3: Loading available Gradle versions] INFO  o.e.b.c.i.u.g.PublishedGradleVersions - Gradle version information cache is out-of-date. Trying to update.
2020-05-15 19:54:17,140 [Worker-76: Launching Servicio Web] INFO  o.e.m.c.i.embedder.EclipseLogger - Using 'UTF-8' encoding to copy filtered resources.
2020-05-15 19:54:17,142 [Worker-76: Launching Servicio Web] INFO  o.e.m.c.i.embedder.EclipseLogger - skip non existing resourceDirectory /Users/santi/Desktop/WORKSHOP TFG/ServicioWebTFG/src/main/resources
2020-05-15 19:54:17,143 [Worker-76: Launching Servicio Web] INFO  o.e.m.c.i.embedder.EclipseLogger - skip non existing resourceDirectory /Users/santi/Desktop/WORKSHOP TFG/ServicioWebTFG/src/main/resources
2020-05-15 19:54:17,147 [Worker-76: Launching Servicio Web] INFO  o.e.m.c.i.embedder.EclipseLogger - Using 'UTF-8' encoding to copy filtered resources.
2020-05-15 19:54:17,148 [Worker-76: Launching Servicio Web] INFO  o.e.m.c.i.embedder.EclipseLogger - skip non existing resourceDirectory /Users/santi/Desktop/WORKSHOP TFG/ServicioWebTFG/src/test/resources
2020-05-15 19:54:23,081 [Worker-99: Building] INFO  o.e.m.c.i.embedder.EclipseLogger - Using 'UTF-8' encoding to copy filtered resources.
2020-05-15 19:54:23,082 [Worker-99: Building] INFO  o.e.m.c.i.embedder.EclipseLogger - skip non existing resourceDirectory /Users/santi/Desktop/WORKSHOP TFG/SparkStreaming/src/main/resources
2020-05-15 19:54:23,090 [Worker-99: Building] INFO  o.e.m.c.i.embedder.EclipseLogger - Using 'UTF-8' encoding to copy filtered resources.
2020-05-15 19:54:23,091 [Worker-99: Building] INFO  o.e.m.c.i.embedder.EclipseLogger - skip non existing resourceDirectory /Users/santi/Desktop/WORKSHOP TFG/SparkStreaming/src/test/resources
2020-05-15 19:54:25,395 [Worker-99: Building] INFO  o.e.m.c.i.embedder.EclipseLogger - Using 'UTF-8' encoding to copy filtered resources.
2020-05-15 19:54:25,396 [Worker-99: Building] INFO  o.e.m.c.i.embedder.EclipseLogger - skip non existing resourceDirectory /Users/santi/Desktop/WORKSHOP TFG/SparkStreamingProductores/src/main/resources
2020-05-15 19:54:25,398 [Worker-99: Building] INFO  o.e.m.c.i.embedder.EclipseLogger - Using 'UTF-8' encoding to copy filtered resources.
2020-05-15 19:54:25,399 [Worker-99: Building] INFO  o.e.m.c.i.embedder.EclipseLogger - skip non existing resourceDirectory /Users/santi/Desktop/WORKSHOP TFG/SparkStreamingProductores/src/test/resources
2020-05-15 20:01:28,945 [Worker-110: Building] INFO  o.e.m.c.i.embedder.EclipseLogger - Using 'UTF-8' encoding to copy filtered resources.
2020-05-15 20:01:28,946 [Worker-110: Building] INFO  o.e.m.c.i.embedder.EclipseLogger - skip non existing resourceDirectory /Users/santi/Desktop/WORKSHOP TFG/ServicioWebTFG/src/main/resources
2020-05-15 20:01:28,946 [Worker-110: Building] INFO  o.e.m.c.i.embedder.EclipseLogger - skip non existing resourceDirectory /Users/santi/Desktop/WORKSHOP TFG/ServicioWebTFG/src/main/resources
2020-05-15 20:01:28,950 [Worker-110: Building] INFO  o.e.m.c.i.embedder.EclipseLogger - Using 'UTF-8' encoding to copy filtered resources.
2020-05-15 20:01:28,950 [Worker-110: Building] INFO  o.e.m.c.i.embedder.EclipseLogger - skip non existing resourceDirectory /Users/santi/Desktop/WORKSHOP TFG/ServicioWebTFG/src/test/resources
2020-05-15 20:01:43,912 [Worker-109: Building] INFO  o.e.m.c.i.embedder.EclipseLogger - Using 'UTF-8' encoding to copy filtered resources.
2020-05-15 20:01:43,912 [Worker-109: Building] INFO  o.e.m.c.i.embedder.EclipseLogger - skip non existing resourceDirectory /Users/santi/Desktop/WORKSHOP TFG/ServicioWebTFG/src/main/resources
2020-05-15 20:01:43,912 [Worker-109: Building] INFO  o.e.m.c.i.embedder.EclipseLogger - skip non existing resourceDirectory /Users/santi/Desktop/WORKSHOP TFG/ServicioWebTFG/src/main/resources
2020-05-15 20:01:43,916 [Worker-109: Building] INFO  o.e.m.c.i.embedder.EclipseLogger - Using 'UTF-8' encoding to copy filtered resources.
2020-05-15 20:01:43,916 [Worker-109: Building] INFO  o.e.m.c.i.embedder.EclipseLogger - skip non existing resourceDirectory /Users/santi/Desktop/WORKSHOP TFG/ServicioWebTFG/src/test/resources
2020-05-15 20:08:10,452 [Worker-113: Building] INFO  o.e.m.c.i.embedder.EclipseLogger - Using 'UTF-8' encoding to copy filtered resources.
2020-05-15 20:08:10,452 [Worker-113: Building] INFO  o.e.m.c.i.embedder.EclipseLogger - skip non existing resourceDirectory /Users/santi/Desktop/WORKSHOP TFG/ServicioWebTFG/src/main/resources
2020-05-15 20:08:10,452 [Worker-113: Building] INFO  o.e.m.c.i.embedder.EclipseLogger - skip non existing resourceDirectory /Users/santi/Desktop/WORKSHOP TFG/ServicioWebTFG/src/main/resources
2020-05-15 20:08:10,455 [Worker-113: Building] INFO  o.e.m.c.i.embedder.EclipseLogger - Using 'UTF-8' encoding to copy filtered resources.
2020-05-15 20:08:10,455 [Worker-113: Building] INFO  o.e.m.c.i.embedder.EclipseLogger - skip non existing resourceDirectory /Users/santi/Desktop/WORKSHOP TFG/ServicioWebTFG/src/test/resources
2020-05-15 20:14:03,514 [Worker-116: Building] INFO  o.e.m.c.i.embedder.EclipseLogger - Using 'UTF-8' encoding to copy filtered resources.
2020-05-15 20:14:03,515 [Worker-116: Building] INFO  o.e.m.c.i.embedder.EclipseLogger - skip non existing resourceDirectory /Users/santi/Desktop/WORKSHOP TFG/ServicioWebTFG/src/main/resources
2020-05-15 20:14:03,515 [Worker-116: Building] INFO  o.e.m.c.i.embedder.EclipseLogger - skip non existing resourceDirectory /Users/santi/Desktop/WORKSHOP TFG/ServicioWebTFG/src/main/resources
2020-05-15 20:14:03,528 [Worker-116: Building] INFO  o.e.m.c.i.embedder.EclipseLogger - Using 'UTF-8' encoding to copy filtered resources.
2020-05-15 20:14:03,528 [Worker-116: Building] INFO  o.e.m.c.i.embedder.EclipseLogger - skip non existing resourceDirectory /Users/santi/Desktop/WORKSHOP TFG/ServicioWebTFG/src/test/resources
2020-05-15 20:15:32,584 [Worker-113: Building] INFO  o.e.m.c.i.embedder.EclipseLogger - Using 'UTF-8' encoding to copy filtered resources.
2020-05-15 20:15:32,585 [Worker-113: Building] INFO  o.e.m.c.i.embedder.EclipseLogger - skip non existing resourceDirectory /Users/santi/Desktop/WORKSHOP TFG/ServicioWebTFG/src/main/resources
2020-05-15 20:15:32,585 [Worker-113: Building] INFO  o.e.m.c.i.embedder.EclipseLogger - skip non existing resourceDirectory /Users/santi/Desktop/WORKSHOP TFG/ServicioWebTFG/src/main/resources
2020-05-15 20:15:32,589 [Worker-113: Building] INFO  o.e.m.c.i.embedder.EclipseLogger - Using 'UTF-8' encoding to copy filtered resources.
2020-05-15 20:15:32,589 [Worker-113: Building] INFO  o.e.m.c.i.embedder.EclipseLogger - skip non existing resourceDirectory /Users/santi/Desktop/WORKSHOP TFG/ServicioWebTFG/src/test/resources
2020-05-15 20:22:40,865 [Worker-119: Building] INFO  o.e.m.c.i.embedder.EclipseLogger - Using 'UTF-8' encoding to copy filtered resources.
2020-05-15 20:22:40,866 [Worker-119: Building] INFO  o.e.m.c.i.embedder.EclipseLogger - skip non existing resourceDirectory /Users/santi/Desktop/WORKSHOP TFG/ServicioWebTFG/src/main/resources
2020-05-15 20:22:40,866 [Worker-119: Building] INFO  o.e.m.c.i.embedder.EclipseLogger - skip non existing resourceDirectory /Users/santi/Desktop/WORKSHOP TFG/ServicioWebTFG/src/main/resources
2020-05-15 20:22:40,869 [Worker-119: Building] INFO  o.e.m.c.i.embedder.EclipseLogger - Using 'UTF-8' encoding to copy filtered resources.
2020-05-15 20:22:40,869 [Worker-119: Building] INFO  o.e.m.c.i.embedder.EclipseLogger - skip non existing resourceDirectory /Users/santi/Desktop/WORKSHOP TFG/ServicioWebTFG/src/test/resources
2020-05-17 18:33:40,395 [Worker-150: Building] INFO  o.e.m.c.i.embedder.EclipseLogger - Using 'UTF-8' encoding to copy filtered resources.
2020-05-17 18:33:40,395 [Worker-150: Building] INFO  o.e.m.c.i.embedder.EclipseLogger - skip non existing resourceDirectory /Users/santi/Desktop/WORKSHOP TFG/ServicioWebTFG/src/main/resources
2020-05-17 18:33:40,396 [Worker-150: Building] INFO  o.e.m.c.i.embedder.EclipseLogger - skip non existing resourceDirectory /Users/santi/Desktop/WORKSHOP TFG/ServicioWebTFG/src/main/resources
2020-05-17 18:33:40,399 [Worker-150: Building] INFO  o.e.m.c.i.embedder.EclipseLogger - Using 'UTF-8' encoding to copy filtered resources.
2020-05-17 18:33:40,399 [Worker-150: Building] INFO  o.e.m.c.i.embedder.EclipseLogger - skip non existing resourceDirectory /Users/santi/Desktop/WORKSHOP TFG/ServicioWebTFG/src/test/resources
2020-05-18 12:33:00,609 [Worker-157: Building] INFO  o.e.m.c.i.embedder.EclipseLogger - Using 'UTF-8' encoding to copy filtered resources.
2020-05-18 12:33:00,614 [Worker-157: Building] INFO  o.e.m.c.i.embedder.EclipseLogger - skip non existing resourceDirectory /Users/santi/Desktop/WORKSHOP TFG/SparkStreamingProductores/src/main/resources
2020-05-18 12:33:00,617 [Worker-157: Building] INFO  o.e.m.c.i.embedder.EclipseLogger - Using 'UTF-8' encoding to copy filtered resources.
2020-05-18 12:33:00,617 [Worker-157: Building] INFO  o.e.m.c.i.embedder.EclipseLogger - skip non existing resourceDirectory /Users/santi/Desktop/WORKSHOP TFG/SparkStreamingProductores/src/test/resources
2020-05-18 12:33:01,889 [Worker-157: Building] INFO  o.e.m.c.i.l.LifecycleMappingFactory - Using org.eclipse.m2e.jdt.JarLifecycleMapping lifecycle mapping for MavenProject: prueba:SparkStreaming:0.0.1-SNAPSHOT @ /Users/santi/Desktop/WORKSHOP TFG/SparkStreamingProductoresNoAleat/pom.xml.
2020-05-18 12:33:03,300 [Worker-157: Building] INFO  o.e.m.c.i.embedder.EclipseLogger - Using 'UTF-8' encoding to copy filtered resources.
2020-05-18 12:33:03,301 [Worker-157: Building] INFO  o.e.m.c.i.embedder.EclipseLogger - skip non existing resourceDirectory /Users/santi/Desktop/WORKSHOP TFG/SparkStreamingProductoresNoAleat/src/main/resources
2020-05-18 12:33:03,303 [Worker-157: Building] INFO  o.e.m.c.i.embedder.EclipseLogger - Using 'UTF-8' encoding to copy filtered resources.
2020-05-18 12:33:03,303 [Worker-157: Building] INFO  o.e.m.c.i.embedder.EclipseLogger - skip non existing resourceDirectory /Users/santi/Desktop/WORKSHOP TFG/SparkStreamingProductoresNoAleat/src/test/resources
2020-05-18 12:33:05,726 [Worker-166: Building] INFO  o.e.m.c.i.embedder.EclipseLogger - Using 'UTF-8' encoding to copy filtered resources.
2020-05-18 12:33:05,727 [Worker-166: Building] INFO  o.e.m.c.i.embedder.EclipseLogger - skip non existing resourceDirectory /Users/santi/Desktop/WORKSHOP TFG/SparkStreamingProductoresNoAleat/src/main/resources
2020-05-18 12:33:05,728 [Worker-166: Building] INFO  o.e.m.c.i.embedder.EclipseLogger - Using 'UTF-8' encoding to copy filtered resources.
2020-05-18 12:33:05,729 [Worker-166: Building] INFO  o.e.m.c.i.embedder.EclipseLogger - skip non existing resourceDirectory /Users/santi/Desktop/WORKSHOP TFG/SparkStreamingProductoresNoAleat/src/test/resources
2020-05-18 12:38:53,645 [Worker-171: Building] INFO  o.e.m.c.i.embedder.EclipseLogger - Using 'UTF-8' encoding to copy filtered resources.
2020-05-18 12:38:53,645 [Worker-171: Building] INFO  o.e.m.c.i.embedder.EclipseLogger - skip non existing resourceDirectory /Users/santi/Desktop/WORKSHOP TFG/SparkStreamingProductoresNoAleat/src/main/resources
2020-05-18 12:38:53,647 [Worker-171: Building] INFO  o.e.m.c.i.embedder.EclipseLogger - Using 'UTF-8' encoding to copy filtered resources.
2020-05-18 12:38:53,648 [Worker-171: Building] INFO  o.e.m.c.i.embedder.EclipseLogger - skip non existing resourceDirectory /Users/santi/Desktop/WORKSHOP TFG/SparkStreamingProductoresNoAleat/src/test/resources
2020-05-18 12:49:29,773 [Worker-177: Building] INFO  o.e.m.c.i.embedder.EclipseLogger - Using 'UTF-8' encoding to copy filtered resources.
2020-05-18 12:49:29,776 [Worker-177: Building] INFO  o.e.m.c.i.embedder.EclipseLogger - skip non existing resourceDirectory /Users/santi/Desktop/WORKSHOP TFG/SparkStreamingProductoresNoAleat/src/main/resources
2020-05-18 12:49:29,778 [Worker-177: Building] INFO  o.e.m.c.i.embedder.EclipseLogger - Using 'UTF-8' encoding to copy filtered resources.
2020-05-18 12:49:29,778 [Worker-177: Building] INFO  o.e.m.c.i.embedder.EclipseLogger - skip non existing resourceDirectory /Users/santi/Desktop/WORKSHOP TFG/SparkStreamingProductoresNoAleat/src/test/resources
2020-05-18 19:08:43,344 [Worker-204: Building] INFO  o.e.m.c.i.embedder.EclipseLogger - Using 'UTF-8' encoding to copy filtered resources.
2020-05-18 19:08:43,345 [Worker-204: Building] INFO  o.e.m.c.i.embedder.EclipseLogger - skip non existing resourceDirectory /Users/santi/Desktop/WORKSHOP TFG/ServicioWebTFG/src/main/resources
2020-05-18 19:08:43,345 [Worker-204: Building] INFO  o.e.m.c.i.embedder.EclipseLogger - skip non existing resourceDirectory /Users/santi/Desktop/WORKSHOP TFG/ServicioWebTFG/src/main/resources
2020-05-18 19:08:43,348 [Worker-204: Building] INFO  o.e.m.c.i.embedder.EclipseLogger - Using 'UTF-8' encoding to copy filtered resources.
2020-05-18 19:08:43,348 [Worker-204: Building] INFO  o.e.m.c.i.embedder.EclipseLogger - skip non existing resourceDirectory /Users/santi/Desktop/WORKSHOP TFG/ServicioWebTFG/src/test/resources
2020-05-18 19:13:36,907 [Worker-178: Building] INFO  o.e.m.c.i.embedder.EclipseLogger - Using 'UTF-8' encoding to copy filtered resources.
2020-05-18 19:13:36,907 [Worker-178: Building] INFO  o.e.m.c.i.embedder.EclipseLogger - skip non existing resourceDirectory /Users/santi/Desktop/WORKSHOP TFG/ServicioWebTFG/src/main/resources
2020-05-18 19:13:36,907 [Worker-178: Building] INFO  o.e.m.c.i.embedder.EclipseLogger - skip non existing resourceDirectory /Users/santi/Desktop/WORKSHOP TFG/ServicioWebTFG/src/main/resources
2020-05-18 19:13:36,915 [Worker-178: Building] INFO  o.e.m.c.i.embedder.EclipseLogger - Using 'UTF-8' encoding to copy filtered resources.
2020-05-18 19:13:36,915 [Worker-178: Building] INFO  o.e.m.c.i.embedder.EclipseLogger - skip non existing resourceDirectory /Users/santi/Desktop/WORKSHOP TFG/ServicioWebTFG/src/test/resources
2020-05-18 19:16:47,060 [Worker-205: Building] INFO  o.e.m.c.i.embedder.EclipseLogger - Using 'UTF-8' encoding to copy filtered resources.
2020-05-18 19:16:47,060 [Worker-205: Building] INFO  o.e.m.c.i.embedder.EclipseLogger - skip non existing resourceDirectory /Users/santi/Desktop/WORKSHOP TFG/ServicioWebTFG/src/main/resources
2020-05-18 19:16:47,060 [Worker-205: Building] INFO  o.e.m.c.i.embedder.EclipseLogger - skip non existing resourceDirectory /Users/santi/Desktop/WORKSHOP TFG/ServicioWebTFG/src/main/resources
2020-05-18 19:16:47,063 [Worker-205: Building] INFO  o.e.m.c.i.embedder.EclipseLogger - Using 'UTF-8' encoding to copy filtered resources.
2020-05-18 19:16:47,064 [Worker-205: Building] INFO  o.e.m.c.i.embedder.EclipseLogger - skip non existing resourceDirectory /Users/santi/Desktop/WORKSHOP TFG/ServicioWebTFG/src/test/resources
2020-05-18 19:20:31,788 [Worker-210: Building] INFO  o.e.m.c.i.embedder.EclipseLogger - Using 'UTF-8' encoding to copy filtered resources.
2020-05-18 19:20:31,788 [Worker-210: Building] INFO  o.e.m.c.i.embedder.EclipseLogger - skip non existing resourceDirectory /Users/santi/Desktop/WORKSHOP TFG/ServicioWebTFG/src/main/resources
2020-05-18 19:20:31,788 [Worker-210: Building] INFO  o.e.m.c.i.embedder.EclipseLogger - skip non existing resourceDirectory /Users/santi/Desktop/WORKSHOP TFG/ServicioWebTFG/src/main/resources
2020-05-18 19:20:31,792 [Worker-210: Building] INFO  o.e.m.c.i.embedder.EclipseLogger - Using 'UTF-8' encoding to copy filtered resources.
2020-05-18 19:20:31,792 [Worker-210: Building] INFO  o.e.m.c.i.embedder.EclipseLogger - skip non existing resourceDirectory /Users/santi/Desktop/WORKSHOP TFG/ServicioWebTFG/src/test/resources
2020-05-18 19:22:41,220 [Worker-211: Building] INFO  o.e.m.c.i.embedder.EclipseLogger - Using 'UTF-8' encoding to copy filtered resources.
2020-05-18 19:22:41,221 [Worker-211: Building] INFO  o.e.m.c.i.embedder.EclipseLogger - skip non existing resourceDirectory /Users/santi/Desktop/WORKSHOP TFG/ServicioWebTFG/src/main/resources
2020-05-18 19:22:41,221 [Worker-211: Building] INFO  o.e.m.c.i.embedder.EclipseLogger - skip non existing resourceDirectory /Users/santi/Desktop/WORKSHOP TFG/ServicioWebTFG/src/main/resources
2020-05-18 19:22:41,223 [Worker-211: Building] INFO  o.e.m.c.i.embedder.EclipseLogger - Using 'UTF-8' encoding to copy filtered resources.
2020-05-18 19:22:41,223 [Worker-211: Building] INFO  o.e.m.c.i.embedder.EclipseLogger - skip non existing resourceDirectory /Users/santi/Desktop/WORKSHOP TFG/ServicioWebTFG/src/test/resources
2020-05-18 19:25:20,309 [Worker-210: Building] INFO  o.e.m.c.i.embedder.EclipseLogger - Using 'UTF-8' encoding to copy filtered resources.
2020-05-18 19:25:20,309 [Worker-210: Building] INFO  o.e.m.c.i.embedder.EclipseLogger - skip non existing resourceDirectory /Users/santi/Desktop/WORKSHOP TFG/ServicioWebTFG/src/main/resources
2020-05-18 19:25:20,309 [Worker-210: Building] INFO  o.e.m.c.i.embedder.EclipseLogger - skip non existing resourceDirectory /Users/santi/Desktop/WORKSHOP TFG/ServicioWebTFG/src/main/resources
2020-05-18 19:25:20,312 [Worker-210: Building] INFO  o.e.m.c.i.embedder.EclipseLogger - Using 'UTF-8' encoding to copy filtered resources.
2020-05-18 19:25:20,312 [Worker-210: Building] INFO  o.e.m.c.i.embedder.EclipseLogger - skip non existing resourceDirectory /Users/santi/Desktop/WORKSHOP TFG/ServicioWebTFG/src/test/resources
2020-05-18 19:32:33,257 [Worker-214: Building] INFO  o.e.m.c.i.embedder.EclipseLogger - Using 'UTF-8' encoding to copy filtered resources.
2020-05-18 19:32:33,257 [Worker-214: Building] INFO  o.e.m.c.i.embedder.EclipseLogger - skip non existing resourceDirectory /Users/santi/Desktop/WORKSHOP TFG/ServicioWebTFG/src/main/resources
2020-05-18 19:32:33,257 [Worker-214: Building] INFO  o.e.m.c.i.embedder.EclipseLogger - skip non existing resourceDirectory /Users/santi/Desktop/WORKSHOP TFG/ServicioWebTFG/src/main/resources
2020-05-18 19:32:33,261 [Worker-214: Building] INFO  o.e.m.c.i.embedder.EclipseLogger - Using 'UTF-8' encoding to copy filtered resources.
2020-05-18 19:32:33,262 [Worker-214: Building] INFO  o.e.m.c.i.embedder.EclipseLogger - skip non existing resourceDirectory /Users/santi/Desktop/WORKSHOP TFG/ServicioWebTFG/src/test/resources
2020-05-18 19:33:01,651 [Worker-220: Building] INFO  o.e.m.c.i.embedder.EclipseLogger - Using 'UTF-8' encoding to copy filtered resources.
2020-05-18 19:33:01,651 [Worker-220: Building] INFO  o.e.m.c.i.embedder.EclipseLogger - skip non existing resourceDirectory /Users/santi/Desktop/WORKSHOP TFG/ServicioWebTFG/src/main/resources
2020-05-18 19:33:01,651 [Worker-220: Building] INFO  o.e.m.c.i.embedder.EclipseLogger - skip non existing resourceDirectory /Users/santi/Desktop/WORKSHOP TFG/ServicioWebTFG/src/main/resources
2020-05-18 19:33:01,658 [Worker-220: Building] INFO  o.e.m.c.i.embedder.EclipseLogger - Using 'UTF-8' encoding to copy filtered resources.
2020-05-18 19:33:01,658 [Worker-220: Building] INFO  o.e.m.c.i.embedder.EclipseLogger - skip non existing resourceDirectory /Users/santi/Desktop/WORKSHOP TFG/ServicioWebTFG/src/test/resources
2020-05-18 19:33:28,499 [Worker-211: Building] INFO  o.e.m.c.i.embedder.EclipseLogger - Using 'UTF-8' encoding to copy filtered resources.
2020-05-18 19:33:28,499 [Worker-211: Building] INFO  o.e.m.c.i.embedder.EclipseLogger - skip non existing resourceDirectory /Users/santi/Desktop/WORKSHOP TFG/ServicioWebTFG/src/main/resources
2020-05-18 19:33:28,499 [Worker-211: Building] INFO  o.e.m.c.i.embedder.EclipseLogger - skip non existing resourceDirectory /Users/santi/Desktop/WORKSHOP TFG/ServicioWebTFG/src/main/resources
2020-05-18 19:33:28,502 [Worker-211: Building] INFO  o.e.m.c.i.embedder.EclipseLogger - Using 'UTF-8' encoding to copy filtered resources.
2020-05-18 19:33:28,502 [Worker-211: Building] INFO  o.e.m.c.i.embedder.EclipseLogger - skip non existing resourceDirectory /Users/santi/Desktop/WORKSHOP TFG/ServicioWebTFG/src/test/resources
2020-05-18 19:36:53,505 [Worker-223: Building] INFO  o.e.m.c.i.embedder.EclipseLogger - Using 'UTF-8' encoding to copy filtered resources.
2020-05-18 19:36:53,505 [Worker-223: Building] INFO  o.e.m.c.i.embedder.EclipseLogger - skip non existing resourceDirectory /Users/santi/Desktop/WORKSHOP TFG/ServicioWebTFG/src/main/resources
2020-05-18 19:36:53,505 [Worker-223: Building] INFO  o.e.m.c.i.embedder.EclipseLogger - skip non existing resourceDirectory /Users/santi/Desktop/WORKSHOP TFG/ServicioWebTFG/src/main/resources
2020-05-18 19:36:53,508 [Worker-223: Building] INFO  o.e.m.c.i.embedder.EclipseLogger - Using 'UTF-8' encoding to copy filtered resources.
2020-05-18 19:36:53,508 [Worker-223: Building] INFO  o.e.m.c.i.embedder.EclipseLogger - skip non existing resourceDirectory /Users/santi/Desktop/WORKSHOP TFG/ServicioWebTFG/src/test/resources
2020-05-18 19:39:12,486 [Worker-220: Building] INFO  o.e.m.c.i.embedder.EclipseLogger - Using 'UTF-8' encoding to copy filtered resources.
2020-05-18 19:39:12,486 [Worker-220: Building] INFO  o.e.m.c.i.embedder.EclipseLogger - skip non existing resourceDirectory /Users/santi/Desktop/WORKSHOP TFG/ServicioWebTFG/src/main/resources
2020-05-18 19:39:12,487 [Worker-220: Building] INFO  o.e.m.c.i.embedder.EclipseLogger - skip non existing resourceDirectory /Users/santi/Desktop/WORKSHOP TFG/ServicioWebTFG/src/main/resources
2020-05-18 19:39:12,490 [Worker-220: Building] INFO  o.e.m.c.i.embedder.EclipseLogger - Using 'UTF-8' encoding to copy filtered resources.
2020-05-18 19:39:12,490 [Worker-220: Building] INFO  o.e.m.c.i.embedder.EclipseLogger - skip non existing resourceDirectory /Users/santi/Desktop/WORKSHOP TFG/ServicioWebTFG/src/test/resources
2020-05-18 19:40:06,549 [Worker-225: Building] INFO  o.e.m.c.i.embedder.EclipseLogger - Using 'UTF-8' encoding to copy filtered resources.
2020-05-18 19:40:06,556 [Worker-225: Building] INFO  o.e.m.c.i.embedder.EclipseLogger - skip non existing resourceDirectory /Users/santi/Desktop/WORKSHOP TFG/ServicioWebTFG/src/main/resources
2020-05-18 19:40:06,557 [Worker-225: Building] INFO  o.e.m.c.i.embedder.EclipseLogger - skip non existing resourceDirectory /Users/santi/Desktop/WORKSHOP TFG/ServicioWebTFG/src/main/resources
2020-05-18 19:40:06,560 [Worker-225: Building] INFO  o.e.m.c.i.embedder.EclipseLogger - Using 'UTF-8' encoding to copy filtered resources.
2020-05-18 19:40:06,560 [Worker-225: Building] INFO  o.e.m.c.i.embedder.EclipseLogger - skip non existing resourceDirectory /Users/santi/Desktop/WORKSHOP TFG/ServicioWebTFG/src/test/resources
2020-05-18 19:40:09,754 [Worker-219: Building] INFO  o.e.m.c.i.embedder.EclipseLogger - Using 'UTF-8' encoding to copy filtered resources.
2020-05-18 19:40:09,754 [Worker-219: Building] INFO  o.e.m.c.i.embedder.EclipseLogger - skip non existing resourceDirectory /Users/santi/Desktop/WORKSHOP TFG/ServicioWebTFG/src/main/resources
2020-05-18 19:40:09,754 [Worker-219: Building] INFO  o.e.m.c.i.embedder.EclipseLogger - skip non existing resourceDirectory /Users/santi/Desktop/WORKSHOP TFG/ServicioWebTFG/src/main/resources
2020-05-18 19:40:09,764 [Worker-219: Building] INFO  o.e.m.c.i.embedder.EclipseLogger - Using 'UTF-8' encoding to copy filtered resources.
2020-05-18 19:40:09,764 [Worker-219: Building] INFO  o.e.m.c.i.embedder.EclipseLogger - skip non existing resourceDirectory /Users/santi/Desktop/WORKSHOP TFG/ServicioWebTFG/src/test/resources
2020-05-18 19:42:40,573 [Worker-219: Building] INFO  o.e.m.c.i.embedder.EclipseLogger - Using 'UTF-8' encoding to copy filtered resources.
2020-05-18 19:42:40,573 [Worker-219: Building] INFO  o.e.m.c.i.embedder.EclipseLogger - skip non existing resourceDirectory /Users/santi/Desktop/WORKSHOP TFG/ServicioWebTFG/src/main/resources
2020-05-18 19:42:40,573 [Worker-219: Building] INFO  o.e.m.c.i.embedder.EclipseLogger - skip non existing resourceDirectory /Users/santi/Desktop/WORKSHOP TFG/ServicioWebTFG/src/main/resources
2020-05-18 19:42:40,576 [Worker-219: Building] INFO  o.e.m.c.i.embedder.EclipseLogger - Using 'UTF-8' encoding to copy filtered resources.
2020-05-18 19:42:40,576 [Worker-219: Building] INFO  o.e.m.c.i.embedder.EclipseLogger - skip non existing resourceDirectory /Users/santi/Desktop/WORKSHOP TFG/ServicioWebTFG/src/test/resources
2020-05-18 19:44:10,749 [Worker-211: Building] INFO  o.e.m.c.i.embedder.EclipseLogger - Using 'UTF-8' encoding to copy filtered resources.
2020-05-18 19:44:10,750 [Worker-211: Building] INFO  o.e.m.c.i.embedder.EclipseLogger - skip non existing resourceDirectory /Users/santi/Desktop/WORKSHOP TFG/ServicioWebTFG/src/main/resources
2020-05-18 19:44:10,750 [Worker-211: Building] INFO  o.e.m.c.i.embedder.EclipseLogger - skip non existing resourceDirectory /Users/santi/Desktop/WORKSHOP TFG/ServicioWebTFG/src/main/resources
2020-05-18 19:44:10,752 [Worker-211: Building] INFO  o.e.m.c.i.embedder.EclipseLogger - Using 'UTF-8' encoding to copy filtered resources.
2020-05-18 19:44:10,753 [Worker-211: Building] INFO  o.e.m.c.i.embedder.EclipseLogger - skip non existing resourceDirectory /Users/santi/Desktop/WORKSHOP TFG/ServicioWebTFG/src/test/resources
2020-05-18 19:50:09,640 [Worker-219: Building] INFO  o.e.m.c.i.embedder.EclipseLogger - Using 'UTF-8' encoding to copy filtered resources.
2020-05-18 19:50:09,641 [Worker-219: Building] INFO  o.e.m.c.i.embedder.EclipseLogger - skip non existing resourceDirectory /Users/santi/Desktop/WORKSHOP TFG/ServicioWebTFG/src/main/resources
2020-05-18 19:50:09,641 [Worker-219: Building] INFO  o.e.m.c.i.embedder.EclipseLogger - skip non existing resourceDirectory /Users/santi/Desktop/WORKSHOP TFG/ServicioWebTFG/src/main/resources
2020-05-18 19:50:09,645 [Worker-219: Building] INFO  o.e.m.c.i.embedder.EclipseLogger - Using 'UTF-8' encoding to copy filtered resources.
2020-05-18 19:50:09,645 [Worker-219: Building] INFO  o.e.m.c.i.embedder.EclipseLogger - skip non existing resourceDirectory /Users/santi/Desktop/WORKSHOP TFG/ServicioWebTFG/src/test/resources
2020-05-18 19:53:01,784 [Worker-222: Building] INFO  o.e.m.c.i.embedder.EclipseLogger - Using 'UTF-8' encoding to copy filtered resources.
2020-05-18 19:53:01,784 [Worker-222: Building] INFO  o.e.m.c.i.embedder.EclipseLogger - skip non existing resourceDirectory /Users/santi/Desktop/WORKSHOP TFG/ServicioWebTFG/src/main/resources
2020-05-18 19:53:01,785 [Worker-222: Building] INFO  o.e.m.c.i.embedder.EclipseLogger - skip non existing resourceDirectory /Users/santi/Desktop/WORKSHOP TFG/ServicioWebTFG/src/main/resources
2020-05-18 19:53:01,787 [Worker-222: Building] INFO  o.e.m.c.i.embedder.EclipseLogger - Using 'UTF-8' encoding to copy filtered resources.
2020-05-18 19:53:01,788 [Worker-222: Building] INFO  o.e.m.c.i.embedder.EclipseLogger - skip non existing resourceDirectory /Users/santi/Desktop/WORKSHOP TFG/ServicioWebTFG/src/test/resources
2020-05-18 19:55:27,587 [Worker-211: Building] INFO  o.e.m.c.i.embedder.EclipseLogger - Using 'UTF-8' encoding to copy filtered resources.
2020-05-18 19:55:27,587 [Worker-211: Building] INFO  o.e.m.c.i.embedder.EclipseLogger - skip non existing resourceDirectory /Users/santi/Desktop/WORKSHOP TFG/ServicioWebTFG/src/main/resources
2020-05-18 19:55:27,587 [Worker-211: Building] INFO  o.e.m.c.i.embedder.EclipseLogger - skip non existing resourceDirectory /Users/santi/Desktop/WORKSHOP TFG/ServicioWebTFG/src/main/resources
2020-05-18 19:55:27,590 [Worker-211: Building] INFO  o.e.m.c.i.embedder.EclipseLogger - Using 'UTF-8' encoding to copy filtered resources.
2020-05-18 19:55:27,590 [Worker-211: Building] INFO  o.e.m.c.i.embedder.EclipseLogger - skip non existing resourceDirectory /Users/santi/Desktop/WORKSHOP TFG/ServicioWebTFG/src/test/resources
2020-05-18 19:58:19,598 [Worker-211: Building] INFO  o.e.m.c.i.embedder.EclipseLogger - Using 'UTF-8' encoding to copy filtered resources.
2020-05-18 19:58:19,599 [Worker-211: Building] INFO  o.e.m.c.i.embedder.EclipseLogger - skip non existing resourceDirectory /Users/santi/Desktop/WORKSHOP TFG/ServicioWebTFG/src/main/resources
2020-05-18 19:58:19,599 [Worker-211: Building] INFO  o.e.m.c.i.embedder.EclipseLogger - skip non existing resourceDirectory /Users/santi/Desktop/WORKSHOP TFG/ServicioWebTFG/src/main/resources
2020-05-18 19:58:19,601 [Worker-211: Building] INFO  o.e.m.c.i.embedder.EclipseLogger - Using 'UTF-8' encoding to copy filtered resources.
2020-05-18 19:58:19,601 [Worker-211: Building] INFO  o.e.m.c.i.embedder.EclipseLogger - skip non existing resourceDirectory /Users/santi/Desktop/WORKSHOP TFG/ServicioWebTFG/src/test/resources
2020-05-20 14:28:14,088 [Worker-243: Building] INFO  o.e.m.c.i.embedder.EclipseLogger - Using 'UTF-8' encoding to copy filtered resources.
2020-05-20 14:28:14,090 [Worker-243: Building] INFO  o.e.m.c.i.embedder.EclipseLogger - skip non existing resourceDirectory /Users/santi/Desktop/WORKSHOP TFG/SparkStreamingProductoresNoAleat/src/main/resources
2020-05-20 14:28:14,094 [Worker-243: Building] INFO  o.e.m.c.i.embedder.EclipseLogger - Using 'UTF-8' encoding to copy filtered resources.
2020-05-20 14:28:14,094 [Worker-243: Building] INFO  o.e.m.c.i.embedder.EclipseLogger - skip non existing resourceDirectory /Users/santi/Desktop/WORKSHOP TFG/SparkStreamingProductoresNoAleat/src/test/resources
2020-05-20 14:28:16,197 [Worker-239: Building] INFO  o.e.m.c.i.embedder.EclipseLogger - Using 'UTF-8' encoding to copy filtered resources.
2020-05-20 14:28:16,197 [Worker-239: Building] INFO  o.e.m.c.i.embedder.EclipseLogger - skip non existing resourceDirectory /Users/santi/Desktop/WORKSHOP TFG/SparkStreamingProductoresNoAleat/src/main/resources
2020-05-20 14:28:16,198 [Worker-239: Building] INFO  o.e.m.c.i.embedder.EclipseLogger - Using 'UTF-8' encoding to copy filtered resources.
2020-05-20 14:28:16,199 [Worker-239: Building] INFO  o.e.m.c.i.embedder.EclipseLogger - skip non existing resourceDirectory /Users/santi/Desktop/WORKSHOP TFG/SparkStreamingProductoresNoAleat/src/test/resources
2020-05-20 17:20:34,019 [Worker-250: Building] INFO  o.e.m.c.i.embedder.EclipseLogger - Using 'UTF-8' encoding to copy filtered resources.
2020-05-20 17:20:34,020 [Worker-250: Building] INFO  o.e.m.c.i.embedder.EclipseLogger - skip non existing resourceDirectory /Users/santi/Desktop/WORKSHOP TFG/ServicioWebTFG/src/main/resources
2020-05-20 17:20:34,021 [Worker-250: Building] INFO  o.e.m.c.i.embedder.EclipseLogger - skip non existing resourceDirectory /Users/santi/Desktop/WORKSHOP TFG/ServicioWebTFG/src/main/resources
2020-05-20 17:20:34,023 [Worker-250: Building] INFO  o.e.m.c.i.embedder.EclipseLogger - Using 'UTF-8' encoding to copy filtered resources.
2020-05-20 17:20:34,023 [Worker-250: Building] INFO  o.e.m.c.i.embedder.EclipseLogger - skip non existing resourceDirectory /Users/santi/Desktop/WORKSHOP TFG/ServicioWebTFG/src/test/resources
2020-05-20 17:20:58,876 [Worker-250: Building] INFO  o.e.m.c.i.embedder.EclipseLogger - Using 'UTF-8' encoding to copy filtered resources.
2020-05-20 17:20:58,877 [Worker-250: Building] INFO  o.e.m.c.i.embedder.EclipseLogger - skip non existing resourceDirectory /Users/santi/Desktop/WORKSHOP TFG/ServicioWebTFG/src/main/resources
2020-05-20 17:20:58,877 [Worker-250: Building] INFO  o.e.m.c.i.embedder.EclipseLogger - skip non existing resourceDirectory /Users/santi/Desktop/WORKSHOP TFG/ServicioWebTFG/src/main/resources
2020-05-20 17:20:58,879 [Worker-250: Building] INFO  o.e.m.c.i.embedder.EclipseLogger - Using 'UTF-8' encoding to copy filtered resources.
2020-05-20 17:20:58,880 [Worker-250: Building] INFO  o.e.m.c.i.embedder.EclipseLogger - skip non existing resourceDirectory /Users/santi/Desktop/WORKSHOP TFG/ServicioWebTFG/src/test/resources
2020-05-20 17:21:16,202 [Worker-247: Building] INFO  o.e.m.c.i.embedder.EclipseLogger - Using 'UTF-8' encoding to copy filtered resources.
2020-05-20 17:21:16,203 [Worker-247: Building] INFO  o.e.m.c.i.embedder.EclipseLogger - skip non existing resourceDirectory /Users/santi/Desktop/WORKSHOP TFG/ServicioWebTFG/src/main/resources
2020-05-20 17:21:16,203 [Worker-247: Building] INFO  o.e.m.c.i.embedder.EclipseLogger - skip non existing resourceDirectory /Users/santi/Desktop/WORKSHOP TFG/ServicioWebTFG/src/main/resources
2020-05-20 17:21:16,205 [Worker-247: Building] INFO  o.e.m.c.i.embedder.EclipseLogger - Using 'UTF-8' encoding to copy filtered resources.
2020-05-20 17:21:16,206 [Worker-247: Building] INFO  o.e.m.c.i.embedder.EclipseLogger - skip non existing resourceDirectory /Users/santi/Desktop/WORKSHOP TFG/ServicioWebTFG/src/test/resources
2020-05-20 17:21:49,239 [Worker-253: Building] INFO  o.e.m.c.i.embedder.EclipseLogger - Using 'UTF-8' encoding to copy filtered resources.
2020-05-20 17:21:49,240 [Worker-253: Building] INFO  o.e.m.c.i.embedder.EclipseLogger - skip non existing resourceDirectory /Users/santi/Desktop/WORKSHOP TFG/ServicioWebTFG/src/main/resources
2020-05-20 17:21:49,240 [Worker-253: Building] INFO  o.e.m.c.i.embedder.EclipseLogger - skip non existing resourceDirectory /Users/santi/Desktop/WORKSHOP TFG/ServicioWebTFG/src/main/resources
2020-05-20 17:21:49,242 [Worker-253: Building] INFO  o.e.m.c.i.embedder.EclipseLogger - Using 'UTF-8' encoding to copy filtered resources.
2020-05-20 17:21:49,242 [Worker-253: Building] INFO  o.e.m.c.i.embedder.EclipseLogger - skip non existing resourceDirectory /Users/santi/Desktop/WORKSHOP TFG/ServicioWebTFG/src/test/resources
